# JRE version: Java(TM) SE Runtime Environment (21.0+35) (build 21+35-LTS-2513)
# Java VM: Java HotSpot(TM) 64-Bit Server VM (21+35-LTS-2513, mixed mode, sharing, tiered, compressed oops, compressed class ptrs, g1 gc, windows-amd64)
GC Precious Log:
 CardTable entry size: 512
 Card Set container configuration: InlinePtr #cards 5 size 8 Array Of Cards #cards 12 size 40 Howl #buckets 4 coarsen threshold 1843 Howl Bitmap #cards 512 size 80 coarsen threshold 460 Card regions per heap region 1 cards per card region 2048
 CPUs: 12 total, 12 available
 Memory: 32649M
 Large Page Support: Disabled
 NUMA Support: Disabled
 Compressed Oops: Enabled (32-bit)
 Heap Region Size: 1M
 Heap Min Capacity: 256M
 Heap Initial Capacity: 256M
 Heap Max Capacity: 512M
 Pre-touch: Disabled
 Parallel Workers: 10
 Concurrent Workers: 3
 Concurrent Refinement Workers: 10
 Periodic GC: Disabled
Heap:
 garbage-first heap   total 348160K, used 240992K [0x00000000e0000000, 0x0000000100000000)
  region size 1024K, 49 young (50176K), 10 survivors (10240K)
 Metaspace       used 148354K, committed 150336K, reserved 458752K
  class space    used 19089K, committed 20032K, reserved 327680K
GC Heap History (20 events):
Event: 1254.635 GC heap before
{Heap before GC invocations=18 (full 0):
 garbage-first heap   total 262144K, used 117192K [0x00000000e0000000, 0x0000000100000000)
  region size 1024K, 51 young (52224K), 20 survivors (20480K)
 Metaspace       used 90042K, committed 91264K, reserved 458752K
  class space    used 12505K, committed 13120K, reserved 327680K
}
Event: 1254.641 GC heap after
{Heap after GC invocations=19 (full 0):
 garbage-first heap   total 262144K, used 90550K [0x00000000e0000000, 0x0000000100000000)
  region size 1024K, 4 young (4096K), 4 survivors (4096K)
 Metaspace       used 90042K, committed 91264K, reserved 458752K
  class space    used 12505K, committed 13120K, reserved 327680K
}
Event: 1255.500 GC heap before
{Heap before GC invocations=20 (full 0):
 garbage-first heap   total 262144K, used 242102K [0x00000000e0000000, 0x0000000100000000)
  region size 1024K, 144 young (147456K), 4 survivors (4096K)
 Metaspace       used 104613K, committed 106240K, reserved 458752K
  class space    used 14204K, committed 14976K, reserved 327680K
}
Event: 1255.505 GC heap after
{Heap after GC invocations=21 (full 0):
 garbage-first heap   total 262144K, used 105817K [0x00000000e0000000, 0x0000000100000000)
  region size 1024K, 12 young (12288K), 12 survivors (12288K)
 Metaspace       used 104613K, committed 106240K, reserved 458752K
  class space    used 14204K, committed 14976K, reserved 327680K
}
Event: 1256.584 GC heap before
{Heap before GC invocations=21 (full 0):
 garbage-first heap   total 262144K, used 232793K [0x00000000e0000000, 0x0000000100000000)
  region size 1024K, 137 young (140288K), 12 survivors (12288K)
 Metaspace       used 115717K, committed 117376K, reserved 458752K
  class space    used 15337K, committed 16128K, reserved 327680K
}
Event: 1256.592 GC heap after
{Heap after GC invocations=22 (full 0):
 garbage-first heap   total 262144K, used 113664K [0x00000000e0000000, 0x0000000100000000)
  region size 1024K, 18 young (18432K), 18 survivors (18432K)
 Metaspace       used 115717K, committed 117376K, reserved 458752K
  class space    used 15337K, committed 16128K, reserved 327680K
}
Event: 1257.357 GC heap before
{Heap before GC invocations=22 (full 0):
 garbage-first heap   total 262144K, used 206848K [0x00000000e0000000, 0x0000000100000000)
  region size 1024K, 110 young (112640K), 18 survivors (18432K)
 Metaspace       used 129427K, committed 131072K, reserved 458752K
  class space    used 16783K, committed 17600K, reserved 327680K
}
Event: 1257.366 GC heap after
{Heap after GC invocations=23 (full 0):
 garbage-first heap   total 262144K, used 110834K [0x00000000e0000000, 0x0000000100000000)
  region size 1024K, 4 young (4096K), 4 survivors (4096K)
 Metaspace       used 129427K, committed 131072K, reserved 458752K
  class space    used 16783K, committed 17600K, reserved 327680K
}
Event: 1259.655 GC heap before
{Heap before GC invocations=24 (full 0):
 garbage-first heap   total 262144K, used 260338K [0x00000000e0000000, 0x0000000100000000)
  region size 1024K, 122 young (124928K), 4 survivors (4096K)
 Metaspace       used 141308K, committed 143040K, reserved 458752K
  class space    used 18233K, committed 19072K, reserved 327680K
}
Event: 1259.664 GC heap after
{Heap after GC invocations=25 (full 0):
 garbage-first heap   total 283648K, used 158551K [0x00000000e0000000, 0x0000000100000000)
  region size 1024K, 16 young (16384K), 16 survivors (16384K)
 Metaspace       used 141308K, committed 143040K, reserved 458752K
  class space    used 18233K, committed 19072K, reserved 327680K
}
Event: 1259.946 GC heap before
{Heap before GC invocations=25 (full 0):
 garbage-first heap   total 283648K, used 250711K [0x00000000e0000000, 0x0000000100000000)
  region size 1024K, 107 young (109568K), 16 survivors (16384K)
 Metaspace       used 141343K, committed 143040K, reserved 458752K
  class space    used 18233K, committed 19072K, reserved 327680K
}
Event: 1259.955 GC heap after
{Heap after GC invocations=26 (full 0):
 garbage-first heap   total 286720K, used 168738K [0x00000000e0000000, 0x0000000100000000)
  region size 1024K, 14 young (14336K), 14 survivors (14336K)
 Metaspace       used 141343K, committed 143040K, reserved 458752K
  class space    used 18233K, committed 19072K, reserved 327680K
}
Event: 1260.210 GC heap before
{Heap before GC invocations=26 (full 0):
 garbage-first heap   total 286720K, used 254754K [0x00000000e0000000, 0x0000000100000000)
  region size 1024K, 98 young (100352K), 14 survivors (14336K)
 Metaspace       used 141343K, committed 143040K, reserved 458752K
  class space    used 18233K, committed 19072K, reserved 327680K
}
Event: 1260.218 GC heap after
{Heap after GC invocations=27 (full 0):
 garbage-first heap   total 286720K, used 175371K [0x00000000e0000000, 0x0000000100000000)
  region size 1024K, 6 young (6144K), 6 survivors (6144K)
 Metaspace       used 141343K, committed 143040K, reserved 458752K
  class space    used 18233K, committed 19072K, reserved 327680K
}
Event: 1260.477 GC heap before
{Heap before GC invocations=28 (full 0):
 garbage-first heap   total 311296K, used 260363K [0x00000000e0000000, 0x0000000100000000)
  region size 1024K, 89 young (91136K), 6 survivors (6144K)
 Metaspace       used 141347K, committed 143040K, reserved 458752K
  class space    used 18233K, committed 19072K, reserved 327680K
}
Event: 1260.481 GC heap after
{Heap after GC invocations=29 (full 0):
 garbage-first heap   total 311296K, used 179061K [0x00000000e0000000, 0x0000000100000000)
  region size 1024K, 9 young (9216K), 9 survivors (9216K)
 Metaspace       used 141347K, committed 143040K, reserved 458752K
  class space    used 18233K, committed 19072K, reserved 327680K
}
Event: 1262.084 GC heap before
{Heap before GC invocations=29 (full 0):
 garbage-first heap   total 311296K, used 302965K [0x00000000e0000000, 0x0000000100000000)
  region size 1024K, 111 young (113664K), 9 survivors (9216K)
 Metaspace       used 144936K, committed 146688K, reserved 458752K
  class space    used 18650K, committed 19520K, reserved 327680K
}
Event: 1262.092 GC heap after
{Heap after GC invocations=30 (full 0):
 garbage-first heap   total 326656K, used 184225K [0x00000000e0000000, 0x0000000100000000)
  region size 1024K, 14 young (14336K), 14 survivors (14336K)
 Metaspace       used 144936K, committed 146688K, reserved 458752K
  class space    used 18650K, committed 19520K, reserved 327680K
}
Event: 1278.993 GC heap before
{Heap before GC invocations=30 (full 0):
 garbage-first heap   total 326656K, used 292769K [0x00000000e0000000, 0x0000000100000000)
  region size 1024K, 121 young (123904K), 14 survivors (14336K)
 Metaspace       used 148260K, committed 150208K, reserved 458752K
  class space    used 19085K, committed 20032K, reserved 327680K
}
Event: 1279.001 GC heap after
{Heap after GC invocations=31 (full 0):
 garbage-first heap   total 326656K, used 194912K [0x00000000e0000000, 0x0000000100000000)
  region size 1024K, 10 young (10240K), 10 survivors (10240K)
 Metaspace       used 148260K, committed 150208K, reserved 458752K
  class space    used 19085K, committed 20032K, reserved 327680K
}

